<?xml version="1.0" encoding="UTF-8"?>
<!-- Generated by org.testng.reporters.JUnitXMLReporter -->
<testsuite ignored="0" hostname="DESKTOP-L3LPMPP" failures="0" tests="3" name="End to End Test" time="32.321" errors="0" timestamp="2025-08-28T00:27:46 IST">
  <testcase classname="EcomTest.EndToEndTest" name="submitOrder" time="6.023"/>
  <testcase classname="EcomTest.EndToEndTest" name="submitOrder" time="13.349"/>
  <testcase classname="EcomTest.OrderHistoryTest" name="verifyProductInOrderHistory" time="0.918"/>
</testsuite> <!-- End to End Test -->
