<?xml version="1.0" encoding="UTF-8"?>
<!-- Generated by org.testng.reporters.JUnitXMLReporter -->
<testsuite ignored="0" hostname="DESKTOP-L3LPMPP" failures="0" tests="3" name="Smoke Test" time="11.71" errors="0" timestamp="2025-07-02T00:45:19 IST">
  <testcase classname="EcomTest.EndToEndTest" name="submitOrder" time="5.404"/>
  <testcase classname="EcomTest.LoginPageTest" name="loginFailure" time="0.415"/>
  <testcase classname="EcomTest.OrderHistoryTest" name="verifyProductInOrderHistory" time="0.608"/>
</testsuite> <!-- Smoke Test -->
