<?xml version="1.0" encoding="UTF-8"?>
<testng-results ignored="0" total="4" passed="4" failed="0" skipped="0">
  <reporter-output>
  </reporter-output>
  <suite started-at="2025-08-28T00:27:14 IST" name="Suite" finished-at="2025-08-28T00:27:46 IST" duration-ms="32321">
    <groups>
      <group name="placeOrder">
        <method signature="EndToEndTest.submitOrder(utils.LoginData)[pri:0, instance:EcomTest.EndToEndTest@5efa40fe]" name="submitOrder" class="EcomTest.EndToEndTest"/>
      </group> <!-- placeOrder -->
      <group name="Smoke">
        <method signature="EndToEndTest.submitOrder(utils.LoginData)[pri:0, instance:EcomTest.EndToEndTest@5efa40fe]" name="submitOrder" class="EcomTest.EndToEndTest"/>
        <method signature="OrderHistoryTest.verifyProductInOrderHistory()[pri:0, instance:EcomTest.OrderHistoryTest@3e78b6a5]" name="verifyProductInOrderHistory" class="EcomTest.OrderHistoryTest"/>
        <method signature="LoginPageTest.loginFailure()[pri:0, instance:EcomTest.LoginPageTest@64ec96c6]" name="loginFailure" class="EcomTest.LoginPageTest"/>
      </group> <!-- Smoke -->
    </groups>
    <test started-at="2025-08-28T00:27:14 IST" name="Error Validations" finished-at="2025-08-28T00:27:20 IST" duration-ms="5545">
      <class name="EcomTest.LoginPageTest">
        <test-method is-config="true" signature="launchApp()[pri:0, instance:EcomTest.LoginPageTest@64ec96c6]" started-at="2025-08-28T00:27:14 IST" name="launchApp" finished-at="2025-08-28T00:27:19 IST" duration-ms="4819" status="PASS">
          <reporter-output>
          </reporter-output>
        </test-method> <!-- launchApp -->
        <test-method signature="loginFailure()[pri:0, instance:EcomTest.LoginPageTest@64ec96c6]" started-at="2025-08-28T00:27:19 IST" name="loginFailure" finished-at="2025-08-28T00:27:19 IST" duration-ms="511" status="PASS">
          <reporter-output>
          </reporter-output>
        </test-method> <!-- loginFailure -->
        <test-method is-config="true" signature="tearDown()[pri:0, instance:EcomTest.LoginPageTest@64ec96c6]" started-at="2025-08-28T00:27:19 IST" name="tearDown" finished-at="2025-08-28T00:27:20 IST" duration-ms="178" status="PASS">
          <reporter-output>
          </reporter-output>
        </test-method> <!-- tearDown -->
      </class> <!-- EcomTest.LoginPageTest -->
    </test> <!-- Error Validations -->
    <test started-at="2025-08-28T00:27:14 IST" name="End to End Test" finished-at="2025-08-28T00:27:46 IST" duration-ms="32321">
      <class name="EcomTest.OrderHistoryTest">
        <test-method is-config="true" signature="launchApp()[pri:0, instance:EcomTest.OrderHistoryTest@3e78b6a5]" started-at="2025-08-28T00:27:42 IST" name="launchApp" finished-at="2025-08-28T00:27:45 IST" duration-ms="3570" status="PASS">
          <reporter-output>
          </reporter-output>
        </test-method> <!-- launchApp -->
        <test-method signature="verifyProductInOrderHistory()[pri:0, instance:EcomTest.OrderHistoryTest@3e78b6a5]" started-at="2025-08-28T00:27:45 IST" name="verifyProductInOrderHistory" depends-on-groups="placeOrder" finished-at="2025-08-28T00:27:46 IST" duration-ms="918" status="PASS">
          <reporter-output>
          </reporter-output>
        </test-method> <!-- verifyProductInOrderHistory -->
        <test-method is-config="true" signature="tearDown()[pri:0, instance:EcomTest.OrderHistoryTest@3e78b6a5]" started-at="2025-08-28T00:27:46 IST" name="tearDown" finished-at="2025-08-28T00:27:46 IST" duration-ms="146" status="PASS">
          <reporter-output>
          </reporter-output>
        </test-method> <!-- tearDown -->
      </class> <!-- EcomTest.OrderHistoryTest -->
      <class name="EcomTest.EndToEndTest">
        <test-method is-config="true" signature="launchApp()[pri:0, instance:EcomTest.EndToEndTest@5efa40fe]" started-at="2025-08-28T00:27:14 IST" name="launchApp" finished-at="2025-08-28T00:27:18 IST" duration-ms="3816" status="PASS">
          <reporter-output>
          </reporter-output>
        </test-method> <!-- launchApp -->
        <test-method signature="submitOrder(utils.LoginData)[pri:0, instance:EcomTest.EndToEndTest@5efa40fe]" started-at="2025-08-28T00:27:18 IST" name="submitOrder" data-provider="loginData" finished-at="2025-08-28T00:27:24 IST" duration-ms="6023" status="PASS">
          <params>
            <param index="0">
              <value>
                <![CDATA[utils.LoginData@2bdf1b5b]]>
              </value>
            </param>
          </params>
          <reporter-output>
          </reporter-output>
        </test-method> <!-- submitOrder -->
        <test-method is-config="true" signature="tearDown()[pri:0, instance:EcomTest.EndToEndTest@5efa40fe]" started-at="2025-08-28T00:27:24 IST" name="tearDown" finished-at="2025-08-28T00:27:24 IST" duration-ms="240" status="PASS">
          <reporter-output>
          </reporter-output>
        </test-method> <!-- tearDown -->
        <test-method is-config="true" signature="launchApp()[pri:0, instance:EcomTest.EndToEndTest@5efa40fe]" started-at="2025-08-28T00:27:24 IST" name="launchApp" finished-at="2025-08-28T00:27:28 IST" duration-ms="3876" status="PASS">
          <reporter-output>
          </reporter-output>
        </test-method> <!-- launchApp -->
        <test-method signature="submitOrder(utils.LoginData)[pri:0, instance:EcomTest.EndToEndTest@5efa40fe]" started-at="2025-08-28T00:27:28 IST" name="submitOrder" data-provider="loginData" finished-at="2025-08-28T00:27:42 IST" duration-ms="13349" status="PASS">
          <params>
            <param index="0">
              <value>
                <![CDATA[utils.LoginData@12bc969c]]>
              </value>
            </param>
          </params>
          <reporter-output>
          </reporter-output>
        </test-method> <!-- submitOrder -->
        <test-method is-config="true" signature="tearDown()[pri:0, instance:EcomTest.EndToEndTest@5efa40fe]" started-at="2025-08-28T00:27:42 IST" name="tearDown" finished-at="2025-08-28T00:27:42 IST" duration-ms="169" status="PASS">
          <reporter-output>
          </reporter-output>
        </test-method> <!-- tearDown -->
      </class> <!-- EcomTest.EndToEndTest -->
    </test> <!-- End to End Test -->
  </suite> <!-- Suite -->
</testng-results>
