<?xml version="1.0" encoding="UTF-8"?>
<testng-results ignored="0" total="2" passed="2" failed="0" skipped="0">
  <reporter-output>
  </reporter-output>
  <suite started-at="2025-07-03T23:24:38 IST" name="Default suite" finished-at="2025-07-03T23:25:15 IST" duration-ms="36611">
    <groups>
      <group name="placeOrder">
        <method signature="EndToEndTest.submitOrder(utils.LoginData)[pri:0, instance:EcomTest.EndToEndTest@73a1e9a9]" name="submitOrder" class="EcomTest.EndToEndTest"/>
      </group> <!-- placeOrder -->
      <group name="Smoke">
        <method signature="EndToEndTest.submitOrder(utils.LoginData)[pri:0, instance:EcomTest.EndToEndTest@73a1e9a9]" name="submitOrder" class="EcomTest.EndToEndTest"/>
      </group> <!-- Smoke -->
    </groups>
    <test started-at="2025-07-03T23:24:38 IST" name="Default test" finished-at="2025-07-03T23:25:15 IST" duration-ms="36611">
      <class name="EcomTest.EndToEndTest">
        <test-method is-config="true" signature="launchApp()[pri:0, instance:EcomTest.EndToEndTest@73a1e9a9]" started-at="2025-07-03T23:24:38 IST" name="launchApp" finished-at="2025-07-03T23:24:44 IST" duration-ms="5334" status="PASS">
          <reporter-output>
          </reporter-output>
        </test-method> <!-- launchApp -->
        <test-method signature="submitOrder(utils.LoginData)[pri:0, instance:EcomTest.EndToEndTest@73a1e9a9]" started-at="2025-07-03T23:24:44 IST" name="submitOrder" data-provider="loginData" finished-at="2025-07-03T23:24:57 IST" duration-ms="13705" status="PASS">
          <params>
            <param index="0">
              <value>
                <![CDATA[utils.LoginData@4a8b5227]]>
              </value>
            </param>
          </params>
          <reporter-output>
          </reporter-output>
        </test-method> <!-- submitOrder -->
        <test-method is-config="true" signature="tearDown()[pri:0, instance:EcomTest.EndToEndTest@73a1e9a9]" started-at="2025-07-03T23:24:57 IST" name="tearDown" finished-at="2025-07-03T23:24:58 IST" duration-ms="479" status="PASS">
          <reporter-output>
          </reporter-output>
        </test-method> <!-- tearDown -->
        <test-method is-config="true" signature="launchApp()[pri:0, instance:EcomTest.EndToEndTest@73a1e9a9]" started-at="2025-07-03T23:24:58 IST" name="launchApp" finished-at="2025-07-03T23:25:01 IST" duration-ms="2823" status="PASS">
          <reporter-output>
          </reporter-output>
        </test-method> <!-- launchApp -->
        <test-method signature="submitOrder(utils.LoginData)[pri:0, instance:EcomTest.EndToEndTest@73a1e9a9]" started-at="2025-07-03T23:25:01 IST" name="submitOrder" data-provider="loginData" finished-at="2025-07-03T23:25:14 IST" duration-ms="13499" status="PASS">
          <params>
            <param index="0">
              <value>
                <![CDATA[utils.LoginData@614aeccc]]>
              </value>
            </param>
          </params>
          <reporter-output>
          </reporter-output>
        </test-method> <!-- submitOrder -->
        <test-method is-config="true" signature="tearDown()[pri:0, instance:EcomTest.EndToEndTest@73a1e9a9]" started-at="2025-07-03T23:25:14 IST" name="tearDown" finished-at="2025-07-03T23:25:15 IST" duration-ms="440" status="PASS">
          <reporter-output>
          </reporter-output>
        </test-method> <!-- tearDown -->
      </class> <!-- EcomTest.EndToEndTest -->
    </test> <!-- Default test -->
  </suite> <!-- Default suite -->
</testng-results>
